{"C:\\Users\\shash\\DevOps\\milestone-2\\BuildTestAnalysis\\checkbox.io\\test.js":{"path":"C:\\Users\\shash\\DevOps\\milestone-2\\BuildTestAnalysis\\checkbox.io\\test.js","s":{"1":1,"2":0,"3":0,"4":0,"5":0,"6":0,"7":0,"8":0,"9":0},"b":{},"f":{},"fnMap":{},"statementMap":{"1":{"start":{"line":1,"column":0},"end":{"line":1,"column":121}},"2":{"start":{"line":2,"column":0},"end":{"line":2,"column":29}},"3":{"start":{"line":3,"column":0},"end":{"line":3,"column":36}},"4":{"start":{"line":5,"column":0},"end":{"line":9,"column":15}},"5":{"start":{"line":6,"column":4},"end":{"line":6,"column":26}},"6":{"start":{"line":7,"column":4},"end":{"line":7,"column":42}},"7":{"start":{"line":8,"column":4},"end":{"line":8,"column":35}},"8":{"start":{"line":11,"column":0},"end":{"line":13,"column":15}},"9":{"start":{"line":12,"column":4},"end":{"line":12,"column":30}}},"branchMap":{}},"C:\\Users\\shash\\DevOps\\milestone-2\\BuildTestAnalysis\\checkbox.io\\server-side\\site\\routes\\create.js":{"path":"C:\\Users\\shash\\DevOps\\milestone-2\\BuildTestAnalysis\\checkbox.io\\server-side\\site\\routes\\create.js","s":{"1":1,"2":0,"3":0,"4":0,"5":0,"6":0,"7":0,"8":0,"9":0,"10":0,"11":0,"12":0,"13":0,"14":0,"15":0,"16":0,"17":0,"18":0,"19":0,"20":0,"21":0,"22":0,"23":0,"24":0,"25":0,"26":0,"27":0,"28":0,"29":0,"30":1,"31":0,"32":0,"33":0,"34":0,"35":0,"36":0,"37":0,"38":0,"39":0,"40":0,"41":0,"42":0,"43":0,"44":1,"45":0,"46":0},"b":{"1":[0,0],"2":[0,0],"3":[0,0],"4":[0,0],"5":[0,0],"6":[0,0],"7":[0,0],"8":[0,0]},"f":{"1":0,"2":0,"3":0,"4":0,"5":0,"6":0,"7":0,"8":0,"9":0,"10":0,"11":0},"fnMap":{"1":{"name":"(anonymous_1)","line":13,"loc":{"start":{"line":13,"column":144},"end":{"line":13,"column":166}}},"2":{"name":"(anonymous_2)","line":27,"loc":{"start":{"line":27,"column":22},"end":{"line":27,"column":41}}},"3":{"name":"(anonymous_3)","line":38,"loc":{"start":{"line":38,"column":49},"end":{"line":39,"column":4}}},"4":{"name":"(anonymous_4)","line":40,"loc":{"start":{"line":40,"column":30},"end":{"line":41,"column":5}}},"5":{"name":"(anonymous_5)","line":45,"loc":{"start":{"line":45,"column":47},"end":{"line":46,"column":9}}},"6":{"name":"(anonymous_6)","line":59,"loc":{"start":{"line":59,"column":24},"end":{"line":60,"column":20}}},"7":{"name":"basicCreate","line":73,"loc":{"start":{"line":73,"column":0},"end":{"line":74,"column":0}}},"8":{"name":"(anonymous_8)","line":76,"loc":{"start":{"line":76,"column":20},"end":{"line":77,"column":4}}},"9":{"name":"(anonymous_9)","line":78,"loc":{"start":{"line":78,"column":28},"end":{"line":79,"column":5}}},"10":{"name":"sendStudyEmail","line":104,"loc":{"start":{"line":104,"column":0},"end":{"line":104,"column":32}}},"11":{"name":"(anonymous_11)","line":106,"loc":{"start":{"line":106,"column":8},"end":{"line":107,"column":8}}}},"statementMap":{"1":{"start":{"line":1,"column":0},"end":{"line":1,"column":31}},"2":{"start":{"line":2,"column":0},"end":{"line":2,"column":31}},"3":{"start":{"line":3,"column":0},"end":{"line":3,"column":39}},"4":{"start":{"line":4,"column":0},"end":{"line":4,"column":40}},"5":{"start":{"line":7,"column":0},"end":{"line":9,"column":26}},"6":{"start":{"line":11,"column":0},"end":{"line":11,"column":36}},"7":{"start":{"line":12,"column":0},"end":{"line":12,"column":14}},"8":{"start":{"line":13,"column":0},"end":{"line":17,"column":3}},"9":{"start":{"line":15,"column":2},"end":{"line":15,"column":14}},"10":{"start":{"line":16,"column":2},"end":{"line":16,"column":37}},"11":{"start":{"line":19,"column":0},"end":{"line":25,"column":3}},"12":{"start":{"line":27,"column":0},"end":{"line":69,"column":2}},"13":{"start":{"line":29,"column":4},"end":{"line":29,"column":41}},"14":{"start":{"line":30,"column":4},"end":{"line":30,"column":39}},"15":{"start":{"line":32,"column":4},"end":{"line":36,"column":5}},"16":{"start":{"line":34,"column":8},"end":{"line":34,"column":49}},"17":{"start":{"line":35,"column":8},"end":{"line":35,"column":15}},"18":{"start":{"line":38,"column":4},"end":{"line":68,"column":7}},"19":{"start":{"line":40,"column":5},"end":{"line":67,"column":11}},"20":{"start":{"line":42,"column":6},"end":{"line":43,"column":26}},"21":{"start":{"line":43,"column":7},"end":{"line":43,"column":26}},"22":{"start":{"line":45,"column":9},"end":{"line":65,"column":12}},"23":{"start":{"line":47,"column":10},"end":{"line":47,"column":62}},"24":{"start":{"line":49,"column":10},"end":{"line":64,"column":11}},"25":{"start":{"line":51,"column":11},"end":{"line":51,"column":35}},"26":{"start":{"line":55,"column":20},"end":{"line":55,"column":53}},"27":{"start":{"line":58,"column":20},"end":{"line":63,"column":23}},"28":{"start":{"line":61,"column":24},"end":{"line":61,"column":48}},"29":{"start":{"line":62,"column":24},"end":{"line":62,"column":63}},"30":{"start":{"line":73,"column":0},"end":{"line":102,"column":1}},"31":{"start":{"line":75,"column":1},"end":{"line":75,"column":21}},"32":{"start":{"line":76,"column":4},"end":{"line":99,"column":3}},"33":{"start":{"line":78,"column":5},"end":{"line":98,"column":8}},"34":{"start":{"line":81,"column":9},"end":{"line":81,"column":41}},"35":{"start":{"line":83,"column":9},"end":{"line":83,"column":30}},"36":{"start":{"line":85,"column":9},"end":{"line":85,"column":26}},"37":{"start":{"line":86,"column":9},"end":{"line":89,"column":10}},"38":{"start":{"line":88,"column":10},"end":{"line":88,"column":60}},"39":{"start":{"line":90,"column":9},"end":{"line":93,"column":10}},"40":{"start":{"line":92,"column":10},"end":{"line":92,"column":63}},"41":{"start":{"line":95,"column":9},"end":{"line":95,"column":30}},"42":{"start":{"line":97,"column":9},"end":{"line":97,"column":24}},"43":{"start":{"line":101,"column":1},"end":{"line":101,"column":13}},"44":{"start":{"line":104,"column":0},"end":{"line":111,"column":1}},"45":{"start":{"line":105,"column":4},"end":{"line":110,"column":6}},"46":{"start":{"line":108,"column":12},"end":{"line":108,"column":40}}},"branchMap":{"1":{"line":16,"type":"binary-expr","locations":[{"start":{"line":16,"column":15},"end":{"line":16,"column":18}},{"start":{"line":16,"column":22},"end":{"line":16,"column":34}}]},"2":{"line":32,"type":"if","locations":[{"start":{"line":32,"column":4},"end":{"line":32,"column":4}},{"start":{"line":32,"column":4},"end":{"line":32,"column":4}}]},"3":{"line":42,"type":"if","locations":[{"start":{"line":42,"column":6},"end":{"line":42,"column":6}},{"start":{"line":42,"column":6},"end":{"line":42,"column":6}}]},"4":{"line":47,"type":"binary-expr","locations":[{"start":{"line":47,"column":23},"end":{"line":47,"column":26}},{"start":{"line":47,"column":30},"end":{"line":47,"column":59}}]},"5":{"line":49,"type":"if","locations":[{"start":{"line":49,"column":10},"end":{"line":49,"column":10}},{"start":{"line":49,"column":10},"end":{"line":49,"column":10}}]},"6":{"line":86,"type":"if","locations":[{"start":{"line":86,"column":9},"end":{"line":86,"column":9}},{"start":{"line":86,"column":9},"end":{"line":86,"column":9}}]},"7":{"line":90,"type":"if","locations":[{"start":{"line":90,"column":9},"end":{"line":90,"column":9}},{"start":{"line":90,"column":9},"end":{"line":90,"column":9}}]},"8":{"line":108,"type":"binary-expr","locations":[{"start":{"line":108,"column":24},"end":{"line":108,"column":27}},{"start":{"line":108,"column":31},"end":{"line":108,"column":38}}]}}}}