TN:
SF:C:\Users\shash\DevOps\milestone-2\BuildTestAnalysis\checkbox.io\test.js
FNF:0
FNH:0
DA:1,1
DA:2,0
DA:3,0
DA:5,0
DA:6,0
DA:7,0
DA:8,0
DA:11,0
DA:12,0
LF:9
LH:1
BRF:0
BRH:0
end_of_record
TN:
SF:C:\Users\shash\DevOps\milestone-2\BuildTestAnalysis\checkbox.io\server-side\site\routes\create.js
FN:13,(anonymous_1)
FN:27,(anonymous_2)
FN:38,(anonymous_3)
FN:40,(anonymous_4)
FN:45,(anonymous_5)
FN:59,(anonymous_6)
FN:73,basicCreate
FN:76,(anonymous_8)
FN:78,(anonymous_9)
FN:104,sendStudyEmail
FN:106,(anonymous_11)
FNF:11
FNH:0
FNDA:0,(anonymous_1)
FNDA:0,(anonymous_2)
FNDA:0,(anonymous_3)
FNDA:0,(anonymous_4)
FNDA:0,(anonymous_5)
FNDA:0,(anonymous_6)
FNDA:0,basicCreate
FNDA:0,(anonymous_8)
FNDA:0,(anonymous_9)
FNDA:0,sendStudyEmail
FNDA:0,(anonymous_11)
DA:1,1
DA:2,0
DA:3,0
DA:4,0
DA:7,0
DA:11,0
DA:12,0
DA:13,0
DA:15,0
DA:16,0
DA:19,0
DA:27,0
DA:29,0
DA:30,0
DA:32,0
DA:34,0
DA:35,0
DA:38,0
DA:40,0
DA:42,0
DA:43,0
DA:45,0
DA:47,0
DA:49,0
DA:51,0
DA:55,0
DA:58,0
DA:61,0
DA:62,0
DA:73,1
DA:75,0
DA:76,0
DA:78,0
DA:81,0
DA:83,0
DA:85,0
DA:86,0
DA:88,0
DA:90,0
DA:92,0
DA:95,0
DA:97,0
DA:101,0
DA:104,1
DA:105,0
DA:108,0
LF:46
LH:3
BRDA:16,1,0,0
BRDA:16,1,1,0
BRDA:32,2,0,0
BRDA:32,2,1,0
BRDA:42,3,0,0
BRDA:42,3,1,0
BRDA:47,4,0,0
BRDA:47,4,1,0
BRDA:49,5,0,0
BRDA:49,5,1,0
BRDA:86,6,0,0
BRDA:86,6,1,0
BRDA:90,7,0,0
BRDA:90,7,1,0
BRDA:108,8,0,0
BRDA:108,8,1,0
BRF:16
BRH:0
end_of_record
