{"E:\\Courses\\CSC_519_DevOps\\Project_ML2\\ML2\\BuildTestAnalysis\\checkbox.io\\server-side\\site\\test.js":{"path":"E:\\Courses\\CSC_519_DevOps\\Project_ML2\\ML2\\BuildTestAnalysis\\checkbox.io\\server-side\\site\\test.js","s":{"1":1,"2":1,"3":1,"4":1,"5":1,"6":1,"7":1,"8":1,"9":1,"10":1,"11":1,"12":1,"13":1,"14":1,"15":0,"16":1,"17":1,"18":1,"19":1,"20":0,"21":1,"22":1,"23":1,"24":1,"25":1,"26":1,"27":1,"28":1,"29":1,"30":0,"31":1,"32":1,"33":1,"34":1,"35":1,"36":1},"b":{},"f":{},"fnMap":{},"statementMap":{"1":{"start":{"line":1,"column":0},"end":{"line":1,"column":28}},"2":{"start":{"line":2,"column":0},"end":{"line":2,"column":29}},"3":{"start":{"line":3,"column":0},"end":{"line":3,"column":27}},"4":{"start":{"line":4,"column":0},"end":{"line":4,"column":31}},"5":{"start":{"line":5,"column":0},"end":{"line":5,"column":36}},"6":{"start":{"line":7,"column":0},"end":{"line":9,"column":1}},"7":{"start":{"line":12,"column":0},"end":{"line":12,"column":89}},"8":{"start":{"line":13,"column":0},"end":{"line":13,"column":26}},"9":{"start":{"line":15,"column":0},"end":{"line":15,"column":130}},"10":{"start":{"line":16,"column":0},"end":{"line":16,"column":128}},"11":{"start":{"line":17,"column":0},"end":{"line":23,"column":1}},"12":{"start":{"line":18,"column":4},"end":{"line":18,"column":66}},"13":{"start":{"line":19,"column":4},"end":{"line":19,"column":30}},"14":{"start":{"line":20,"column":4},"end":{"line":20,"column":32}},"15":{"start":{"line":22,"column":4},"end":{"line":22,"column":19}},"16":{"start":{"line":25,"column":0},"end":{"line":32,"column":1}},"17":{"start":{"line":26,"column":4},"end":{"line":26,"column":59}},"18":{"start":{"line":27,"column":4},"end":{"line":27,"column":26}},"19":{"start":{"line":28,"column":4},"end":{"line":28,"column":32}},"20":{"start":{"line":31,"column":4},"end":{"line":31,"column":19}},"21":{"start":{"line":34,"column":0},"end":{"line":40,"column":1}},"22":{"start":{"line":35,"column":4},"end":{"line":35,"column":65}},"23":{"start":{"line":36,"column":4},"end":{"line":36,"column":26}},"24":{"start":{"line":37,"column":4},"end":{"line":37,"column":32}},"25":{"start":{"line":39,"column":4},"end":{"line":39,"column":19}},"26":{"start":{"line":42,"column":0},"end":{"line":48,"column":1}},"27":{"start":{"line":43,"column":4},"end":{"line":43,"column":64}},"28":{"start":{"line":44,"column":4},"end":{"line":44,"column":26}},"29":{"start":{"line":45,"column":4},"end":{"line":45,"column":32}},"30":{"start":{"line":47,"column":4},"end":{"line":47,"column":19}},"31":{"start":{"line":50,"column":0},"end":{"line":57,"column":1}},"32":{"start":{"line":51,"column":4},"end":{"line":51,"column":30}},"33":{"start":{"line":52,"column":4},"end":{"line":52,"column":29}},"34":{"start":{"line":53,"column":4},"end":{"line":53,"column":44}},"35":{"start":{"line":54,"column":4},"end":{"line":54,"column":28}},"36":{"start":{"line":56,"column":4},"end":{"line":56,"column":19}}},"branchMap":{}},"E:\\Courses\\CSC_519_DevOps\\Project_ML2\\ML2\\BuildTestAnalysis\\checkbox.io\\server-side\\site\\routes\\create.js":{"path":"E:\\Courses\\CSC_519_DevOps\\Project_ML2\\ML2\\BuildTestAnalysis\\checkbox.io\\server-side\\site\\routes\\create.js","s":{"1":1,"2":1,"3":1,"4":1,"5":1,"6":1,"7":1,"8":1,"9":0,"10":0,"11":1,"12":1,"13":4,"14":4,"15":4,"16":4,"17":1,"18":0,"19":3,"20":1,"21":0,"22":0,"23":0,"24":0,"25":0,"26":0,"27":0,"28":0,"29":0,"30":0,"31":1,"32":3,"33":3,"34":3,"35":1,"36":1,"37":1,"38":1,"39":0,"40":1,"41":1,"42":1,"43":1,"44":3,"45":1,"46":0,"47":0},"b":{"1":[0,0],"2":[1,3],"3":[0,0],"4":[0,0],"5":[0,0],"6":[0,1],"7":[1,0],"8":[0,0]},"f":{"1":0,"2":4,"3":1,"4":0,"5":0,"6":0,"7":3,"8":3,"9":1,"10":0,"11":0},"fnMap":{"1":{"name":"(anonymous_1)","line":13,"loc":{"start":{"line":13,"column":144},"end":{"line":13,"column":166}}},"2":{"name":"(anonymous_2)","line":27,"loc":{"start":{"line":27,"column":22},"end":{"line":27,"column":41}}},"3":{"name":"(anonymous_3)","line":39,"loc":{"start":{"line":39,"column":49},"end":{"line":40,"column":4}}},"4":{"name":"(anonymous_4)","line":41,"loc":{"start":{"line":41,"column":30},"end":{"line":42,"column":5}}},"5":{"name":"(anonymous_5)","line":46,"loc":{"start":{"line":46,"column":47},"end":{"line":47,"column":9}}},"6":{"name":"(anonymous_6)","line":60,"loc":{"start":{"line":60,"column":24},"end":{"line":61,"column":20}}},"7":{"name":"basicCreate","line":74,"loc":{"start":{"line":74,"column":0},"end":{"line":75,"column":0}}},"8":{"name":"(anonymous_8)","line":77,"loc":{"start":{"line":77,"column":20},"end":{"line":78,"column":4}}},"9":{"name":"(anonymous_9)","line":79,"loc":{"start":{"line":79,"column":28},"end":{"line":80,"column":5}}},"10":{"name":"sendStudyEmail","line":105,"loc":{"start":{"line":105,"column":0},"end":{"line":105,"column":32}}},"11":{"name":"(anonymous_11)","line":107,"loc":{"start":{"line":107,"column":8},"end":{"line":108,"column":8}}}},"statementMap":{"1":{"start":{"line":1,"column":0},"end":{"line":1,"column":31}},"2":{"start":{"line":2,"column":0},"end":{"line":2,"column":31}},"3":{"start":{"line":3,"column":0},"end":{"line":3,"column":39}},"4":{"start":{"line":4,"column":0},"end":{"line":4,"column":40}},"5":{"start":{"line":7,"column":0},"end":{"line":9,"column":26}},"6":{"start":{"line":11,"column":0},"end":{"line":11,"column":36}},"7":{"start":{"line":12,"column":0},"end":{"line":12,"column":14}},"8":{"start":{"line":13,"column":0},"end":{"line":17,"column":3}},"9":{"start":{"line":15,"column":2},"end":{"line":15,"column":14}},"10":{"start":{"line":16,"column":2},"end":{"line":16,"column":37}},"11":{"start":{"line":19,"column":0},"end":{"line":25,"column":3}},"12":{"start":{"line":27,"column":0},"end":{"line":70,"column":2}},"13":{"start":{"line":29,"column":4},"end":{"line":29,"column":41}},"14":{"start":{"line":30,"column":4},"end":{"line":30,"column":39}},"15":{"start":{"line":31,"column":4},"end":{"line":31,"column":38}},"16":{"start":{"line":33,"column":4},"end":{"line":37,"column":5}},"17":{"start":{"line":35,"column":8},"end":{"line":35,"column":49}},"18":{"start":{"line":36,"column":8},"end":{"line":36,"column":15}},"19":{"start":{"line":39,"column":4},"end":{"line":69,"column":7}},"20":{"start":{"line":41,"column":5},"end":{"line":68,"column":11}},"21":{"start":{"line":43,"column":6},"end":{"line":44,"column":26}},"22":{"start":{"line":44,"column":7},"end":{"line":44,"column":26}},"23":{"start":{"line":46,"column":9},"end":{"line":66,"column":12}},"24":{"start":{"line":48,"column":10},"end":{"line":48,"column":62}},"25":{"start":{"line":50,"column":10},"end":{"line":65,"column":11}},"26":{"start":{"line":52,"column":11},"end":{"line":52,"column":35}},"27":{"start":{"line":56,"column":20},"end":{"line":56,"column":53}},"28":{"start":{"line":59,"column":20},"end":{"line":64,"column":23}},"29":{"start":{"line":62,"column":24},"end":{"line":62,"column":48}},"30":{"start":{"line":63,"column":24},"end":{"line":63,"column":63}},"31":{"start":{"line":74,"column":0},"end":{"line":103,"column":1}},"32":{"start":{"line":76,"column":1},"end":{"line":76,"column":21}},"33":{"start":{"line":77,"column":4},"end":{"line":100,"column":3}},"34":{"start":{"line":79,"column":5},"end":{"line":99,"column":8}},"35":{"start":{"line":82,"column":9},"end":{"line":82,"column":41}},"36":{"start":{"line":84,"column":9},"end":{"line":84,"column":30}},"37":{"start":{"line":86,"column":9},"end":{"line":86,"column":26}},"38":{"start":{"line":87,"column":9},"end":{"line":90,"column":10}},"39":{"start":{"line":89,"column":10},"end":{"line":89,"column":60}},"40":{"start":{"line":91,"column":9},"end":{"line":94,"column":10}},"41":{"start":{"line":93,"column":10},"end":{"line":93,"column":63}},"42":{"start":{"line":96,"column":9},"end":{"line":96,"column":30}},"43":{"start":{"line":98,"column":9},"end":{"line":98,"column":24}},"44":{"start":{"line":102,"column":1},"end":{"line":102,"column":13}},"45":{"start":{"line":105,"column":0},"end":{"line":112,"column":1}},"46":{"start":{"line":106,"column":4},"end":{"line":111,"column":6}},"47":{"start":{"line":109,"column":12},"end":{"line":109,"column":40}}},"branchMap":{"1":{"line":16,"type":"binary-expr","locations":[{"start":{"line":16,"column":15},"end":{"line":16,"column":18}},{"start":{"line":16,"column":22},"end":{"line":16,"column":34}}]},"2":{"line":33,"type":"if","locations":[{"start":{"line":33,"column":4},"end":{"line":33,"column":4}},{"start":{"line":33,"column":4},"end":{"line":33,"column":4}}]},"3":{"line":43,"type":"if","locations":[{"start":{"line":43,"column":6},"end":{"line":43,"column":6}},{"start":{"line":43,"column":6},"end":{"line":43,"column":6}}]},"4":{"line":48,"type":"binary-expr","locations":[{"start":{"line":48,"column":23},"end":{"line":48,"column":26}},{"start":{"line":48,"column":30},"end":{"line":48,"column":59}}]},"5":{"line":50,"type":"if","locations":[{"start":{"line":50,"column":10},"end":{"line":50,"column":10}},{"start":{"line":50,"column":10},"end":{"line":50,"column":10}}]},"6":{"line":87,"type":"if","locations":[{"start":{"line":87,"column":9},"end":{"line":87,"column":9}},{"start":{"line":87,"column":9},"end":{"line":87,"column":9}}]},"7":{"line":91,"type":"if","locations":[{"start":{"line":91,"column":9},"end":{"line":91,"column":9}},{"start":{"line":91,"column":9},"end":{"line":91,"column":9}}]},"8":{"line":109,"type":"binary-expr","locations":[{"start":{"line":109,"column":24},"end":{"line":109,"column":27}},{"start":{"line":109,"column":31},"end":{"line":109,"column":38}}]}}},"E:\\Courses\\CSC_519_DevOps\\Project_ML2\\ML2\\BuildTestAnalysis\\checkbox.io\\server-side\\site\\routes\\studyModel.js":{"path":"E:\\Courses\\CSC_519_DevOps\\Project_ML2\\ML2\\BuildTestAnalysis\\checkbox.io\\server-side\\site\\routes\\studyModel.js","s":{"1":1,"2":1,"3":2,"4":2,"5":2,"6":1,"7":1,"8":1,"9":1,"10":1,"11":1,"12":1,"13":1,"14":1,"15":1,"16":1,"17":1,"18":1,"19":0,"20":0,"21":0,"22":0,"23":0,"24":0,"25":0,"26":0,"27":0,"28":1,"29":1,"30":1,"31":1,"32":1,"33":1,"34":1,"35":1,"36":1,"37":0,"38":1,"39":0,"40":1,"41":1},"b":{"1":[1,1]},"f":{"1":2,"2":2,"3":1,"4":0,"5":0,"6":0,"7":1,"8":0,"9":0},"fnMap":{"1":{"name":"surrogateCtor","line":4,"loc":{"start":{"line":4,"column":0},"end":{"line":4,"column":25}}},"2":{"name":"extend","line":6,"loc":{"start":{"line":6,"column":0},"end":{"line":6,"column":27}}},"3":{"name":"(anonymous_3)","line":15,"loc":{"start":{"line":15,"column":12},"end":{"line":16,"column":0}}},"4":{"name":"(anonymous_4)","line":36,"loc":{"start":{"line":36,"column":14},"end":{"line":37,"column":0}}},"5":{"name":"(anonymous_5)","line":46,"loc":{"start":{"line":46,"column":22},"end":{"line":47,"column":1}}},"6":{"name":"(anonymous_6)","line":52,"loc":{"start":{"line":52,"column":19},"end":{"line":53,"column":1}}},"7":{"name":"(anonymous_7)","line":73,"loc":{"start":{"line":73,"column":17},"end":{"line":74,"column":0}}},"8":{"name":"(anonymous_8)","line":83,"loc":{"start":{"line":83,"column":22},"end":{"line":84,"column":1}}},"9":{"name":"(anonymous_9)","line":89,"loc":{"start":{"line":89,"column":19},"end":{"line":90,"column":1}}}},"statementMap":{"1":{"start":{"line":4,"column":0},"end":{"line":4,"column":27}},"2":{"start":{"line":6,"column":0},"end":{"line":13,"column":1}},"3":{"start":{"line":8,"column":2},"end":{"line":8,"column":43}},"4":{"start":{"line":10,"column":2},"end":{"line":10,"column":38}},"5":{"start":{"line":12,"column":2},"end":{"line":12,"column":34}},"6":{"start":{"line":15,"column":0},"end":{"line":34,"column":2}},"7":{"start":{"line":17,"column":1},"end":{"line":17,"column":17}},"8":{"start":{"line":19,"column":1},"end":{"line":19,"column":27}},"9":{"start":{"line":20,"column":4},"end":{"line":20,"column":44}},"10":{"start":{"line":21,"column":4},"end":{"line":21,"column":40}},"11":{"start":{"line":23,"column":4},"end":{"line":23,"column":50}},"12":{"start":{"line":24,"column":4},"end":{"line":24,"column":36}},"13":{"start":{"line":26,"column":4},"end":{"line":26,"column":34}},"14":{"start":{"line":28,"column":4},"end":{"line":28,"column":128}},"15":{"start":{"line":30,"column":1},"end":{"line":30,"column":22}},"16":{"start":{"line":31,"column":1},"end":{"line":31,"column":34}},"17":{"start":{"line":33,"column":1},"end":{"line":33,"column":39}},"18":{"start":{"line":36,"column":0},"end":{"line":66,"column":1}},"19":{"start":{"line":38,"column":1},"end":{"line":38,"column":17}},"20":{"start":{"line":39,"column":1},"end":{"line":39,"column":32}},"21":{"start":{"line":41,"column":1},"end":{"line":41,"column":35}},"22":{"start":{"line":42,"column":1},"end":{"line":42,"column":20}},"23":{"start":{"line":44,"column":1},"end":{"line":44,"column":51}},"24":{"start":{"line":46,"column":1},"end":{"line":49,"column":3}},"25":{"start":{"line":48,"column":2},"end":{"line":48,"column":41}},"26":{"start":{"line":52,"column":1},"end":{"line":65,"column":3}},"27":{"start":{"line":54,"column":2},"end":{"line":64,"column":10}},"28":{"start":{"line":68,"column":0},"end":{"line":68,"column":31}},"29":{"start":{"line":71,"column":0},"end":{"line":71,"column":34}},"30":{"start":{"line":73,"column":0},"end":{"line":103,"column":1}},"31":{"start":{"line":75,"column":1},"end":{"line":75,"column":17}},"32":{"start":{"line":76,"column":1},"end":{"line":76,"column":32}},"33":{"start":{"line":78,"column":1},"end":{"line":78,"column":35}},"34":{"start":{"line":79,"column":1},"end":{"line":79,"column":20}},"35":{"start":{"line":81,"column":1},"end":{"line":81,"column":51}},"36":{"start":{"line":83,"column":1},"end":{"line":86,"column":3}},"37":{"start":{"line":85,"column":2},"end":{"line":85,"column":41}},"38":{"start":{"line":89,"column":1},"end":{"line":102,"column":3}},"39":{"start":{"line":91,"column":2},"end":{"line":101,"column":10}},"40":{"start":{"line":105,"column":0},"end":{"line":105,"column":34}},"41":{"start":{"line":108,"column":0},"end":{"line":108,"column":40}}},"branchMap":{"1":{"line":31,"type":"binary-expr","locations":[{"start":{"line":31,"column":13},"end":{"line":31,"column":26}},{"start":{"line":31,"column":30},"end":{"line":31,"column":33}}]}}},"E:\\Courses\\CSC_519_DevOps\\Project_ML2\\ML2\\BuildTestAnalysis\\checkbox.io\\server-side\\site\\routes\\admin.js":{"path":"E:\\Courses\\CSC_519_DevOps\\Project_ML2\\ML2\\BuildTestAnalysis\\checkbox.io\\server-side\\site\\routes\\admin.js","s":{"1":1,"2":1,"3":1,"4":1,"5":1,"6":1,"7":1,"8":1,"9":1,"10":1,"11":0,"12":0,"13":1,"14":1,"15":1,"16":1,"17":0,"18":0,"19":1,"20":0,"21":0,"22":0,"23":0,"24":0,"25":1,"26":0,"27":0,"28":0,"29":0,"30":0,"31":1,"32":0,"33":0,"34":0,"35":0,"36":0,"37":0,"38":0,"39":0,"40":0,"41":0,"42":0,"43":0,"44":0,"45":0,"46":0,"47":0,"48":0,"49":0,"50":0,"51":0,"52":0,"53":0,"54":0,"55":0,"56":0,"57":0,"58":0,"59":0,"60":0,"61":0,"62":0,"63":0,"64":1,"65":0,"66":0,"67":0,"68":0,"69":0,"70":0,"71":0,"72":0,"73":0,"74":0,"75":0,"76":0,"77":0,"78":0,"79":0,"80":0,"81":0,"82":1,"83":0,"84":0,"85":0,"86":0,"87":0,"88":0,"89":0,"90":0,"91":0,"92":0,"93":0,"94":0,"95":0,"96":0,"97":0,"98":0,"99":0,"100":0,"101":0},"b":{"1":[0,0],"2":[0,0],"3":[0,0],"4":[0,0],"5":[0,0],"6":[0,0],"7":[0,0],"8":[0,0],"9":[0,0],"10":[0,0],"11":[0,0],"12":[0,0],"13":[0,0],"14":[0,0],"15":[0,0],"16":[0,0],"17":[0,0],"18":[0,0],"19":[0,0],"20":[0,0]},"f":{"1":0,"2":1,"3":0,"4":0,"5":0,"6":0,"7":0,"8":0,"9":0,"10":0,"11":0,"12":0,"13":0,"14":0,"15":0,"16":0,"17":0,"18":0,"19":0,"20":0,"21":0,"22":0,"23":0,"24":0,"25":0,"26":0,"27":0,"28":0,"29":0,"30":0,"31":0},"fnMap":{"1":{"name":"(anonymous_1)","line":20,"loc":{"start":{"line":20,"column":144},"end":{"line":20,"column":166}}},"2":{"name":"(anonymous_2)","line":26,"loc":{"start":{"line":26,"column":20},"end":{"line":26,"column":39}}},"3":{"name":"(anonymous_3)","line":29,"loc":{"start":{"line":29,"column":29},"end":{"line":29,"column":55}}},"4":{"name":"(anonymous_4)","line":30,"loc":{"start":{"line":30,"column":44},"end":{"line":30,"column":64}}},"5":{"name":"(anonymous_5)","line":36,"loc":{"start":{"line":36,"column":20},"end":{"line":36,"column":39}}},"6":{"name":"(anonymous_6)","line":38,"loc":{"start":{"line":38,"column":29},"end":{"line":38,"column":55}}},"7":{"name":"(anonymous_7)","line":39,"loc":{"start":{"line":39,"column":44},"end":{"line":39,"column":65}}},"8":{"name":"(anonymous_8)","line":47,"loc":{"start":{"line":47,"column":21},"end":{"line":47,"column":40}}},"9":{"name":"(anonymous_9)","line":49,"loc":{"start":{"line":49,"column":29},"end":{"line":49,"column":55}}},"10":{"name":"(anonymous_10)","line":50,"loc":{"start":{"line":50,"column":44},"end":{"line":50,"column":65}}},"11":{"name":"(anonymous_11)","line":58,"loc":{"start":{"line":58,"column":19},"end":{"line":58,"column":39}}},"12":{"name":"(anonymous_12)","line":63,"loc":{"start":{"line":63,"column":29},"end":{"line":63,"column":60}}},"13":{"name":"(anonymous_13)","line":64,"loc":{"start":{"line":64,"column":49},"end":{"line":65,"column":8}}},"14":{"name":"(anonymous_14)","line":68,"loc":{"start":{"line":68,"column":39},"end":{"line":68,"column":69}}},"15":{"name":"(anonymous_15)","line":70,"loc":{"start":{"line":70,"column":71},"end":{"line":70,"column":92}}},"16":{"name":"(anonymous_16)","line":86,"loc":{"start":{"line":86,"column":39},"end":{"line":86,"column":69}}},"17":{"name":"(anonymous_17)","line":87,"loc":{"start":{"line":87,"column":71},"end":{"line":87,"column":92}}},"18":{"name":"(anonymous_18)","line":89,"loc":{"start":{"line":89,"column":49},"end":{"line":90,"column":28}}},"19":{"name":"(anonymous_19)","line":95,"loc":{"start":{"line":95,"column":39},"end":{"line":95,"column":53}}},"20":{"name":"(anonymous_20)","line":100,"loc":{"start":{"line":100,"column":61},"end":{"line":101,"column":24}}},"21":{"name":"(anonymous_21)","line":109,"loc":{"start":{"line":109,"column":73},"end":{"line":110,"column":28}}},"22":{"name":"(anonymous_22)","line":115,"loc":{"start":{"line":115,"column":45},"end":{"line":116,"column":28}}},"23":{"name":"(anonymous_23)","line":135,"loc":{"start":{"line":135,"column":23},"end":{"line":135,"column":43}}},"24":{"name":"(anonymous_24)","line":140,"loc":{"start":{"line":140,"column":29},"end":{"line":140,"column":60}}},"25":{"name":"(anonymous_25)","line":141,"loc":{"start":{"line":141,"column":49},"end":{"line":142,"column":8}}},"26":{"name":"(anonymous_26)","line":145,"loc":{"start":{"line":145,"column":39},"end":{"line":145,"column":69}}},"27":{"name":"(anonymous_27)","line":146,"loc":{"start":{"line":146,"column":73},"end":{"line":147,"column":20}}},"28":{"name":"(anonymous_28)","line":150,"loc":{"start":{"line":150,"column":49},"end":{"line":150,"column":70}}},"29":{"name":"(anonymous_29)","line":152,"loc":{"start":{"line":152,"column":39},"end":{"line":153,"column":28}}},"30":{"name":"(anonymous_30)","line":183,"loc":{"start":{"line":183,"column":28},"end":{"line":183,"column":47}}},"31":{"name":"(anonymous_31)","line":222,"loc":{"start":{"line":222,"column":8},"end":{"line":223,"column":8}}}},"statementMap":{"1":{"start":{"line":1,"column":0},"end":{"line":1,"column":31}},"2":{"start":{"line":2,"column":0},"end":{"line":2,"column":39}},"3":{"start":{"line":3,"column":0},"end":{"line":3,"column":30}},"4":{"start":{"line":4,"column":0},"end":{"line":4,"column":33}},"5":{"start":{"line":5,"column":0},"end":{"line":5,"column":41}},"6":{"start":{"line":7,"column":0},"end":{"line":9,"column":30}},"7":{"start":{"line":11,"column":0},"end":{"line":16,"column":3}},"8":{"start":{"line":18,"column":0},"end":{"line":18,"column":36}},"9":{"start":{"line":19,"column":0},"end":{"line":19,"column":14}},"10":{"start":{"line":20,"column":0},"end":{"line":24,"column":3}},"11":{"start":{"line":22,"column":2},"end":{"line":22,"column":14}},"12":{"start":{"line":23,"column":2},"end":{"line":23,"column":37}},"13":{"start":{"line":26,"column":0},"end":{"line":34,"column":2}},"14":{"start":{"line":27,"column":4},"end":{"line":27,"column":33}},"15":{"start":{"line":28,"column":4},"end":{"line":28,"column":55}},"16":{"start":{"line":29,"column":4},"end":{"line":33,"column":7}},"17":{"start":{"line":30,"column":8},"end":{"line":32,"column":11}},"18":{"start":{"line":31,"column":12},"end":{"line":31,"column":27}},"19":{"start":{"line":36,"column":0},"end":{"line":45,"column":1}},"20":{"start":{"line":37,"column":4},"end":{"line":37,"column":31}},"21":{"start":{"line":38,"column":4},"end":{"line":44,"column":7}},"22":{"start":{"line":39,"column":8},"end":{"line":43,"column":11}},"23":{"start":{"line":40,"column":12},"end":{"line":41,"column":53}},"24":{"start":{"line":42,"column":12},"end":{"line":42,"column":36}},"25":{"start":{"line":47,"column":0},"end":{"line":56,"column":1}},"26":{"start":{"line":48,"column":4},"end":{"line":48,"column":31}},"27":{"start":{"line":49,"column":4},"end":{"line":55,"column":7}},"28":{"start":{"line":50,"column":8},"end":{"line":54,"column":11}},"29":{"start":{"line":51,"column":12},"end":{"line":52,"column":55}},"30":{"start":{"line":53,"column":12},"end":{"line":53,"column":36}},"31":{"start":{"line":58,"column":0},"end":{"line":131,"column":1}},"32":{"start":{"line":59,"column":4},"end":{"line":59,"column":33}},"33":{"start":{"line":60,"column":4},"end":{"line":60,"column":23}},"34":{"start":{"line":63,"column":4},"end":{"line":130,"column":7}},"35":{"start":{"line":64,"column":8},"end":{"line":129,"column":11}},"36":{"start":{"line":66,"column":12},"end":{"line":128,"column":13}},"37":{"start":{"line":68,"column":16},"end":{"line":82,"column":19}},"38":{"start":{"line":70,"column":20},"end":{"line":81,"column":23}},"39":{"start":{"line":71,"column":24},"end":{"line":71,"column":76}},"40":{"start":{"line":73,"column":24},"end":{"line":76,"column":25}},"41":{"start":{"line":75,"column":28},"end":{"line":75,"column":53}},"42":{"start":{"line":78,"column":24},"end":{"line":78,"column":99}},"43":{"start":{"line":79,"column":24},"end":{"line":79,"column":49}},"44":{"start":{"line":84,"column":17},"end":{"line":128,"column":13}},"45":{"start":{"line":86,"column":16},"end":{"line":123,"column":19}},"46":{"start":{"line":87,"column":20},"end":{"line":122,"column":23}},"47":{"start":{"line":89,"column":24},"end":{"line":95,"column":79}},"48":{"start":{"line":91,"column":32},"end":{"line":94,"column":48}},"49":{"start":{"line":92,"column":36},"end":{"line":92,"column":64}},"50":{"start":{"line":94,"column":36},"end":{"line":94,"column":48}},"51":{"start":{"line":95,"column":55},"end":{"line":95,"column":75}},"52":{"start":{"line":97,"column":24},"end":{"line":97,"column":47}},"53":{"start":{"line":100,"column":24},"end":{"line":120,"column":27}},"54":{"start":{"line":102,"column":28},"end":{"line":105,"column":29}},"55":{"start":{"line":104,"column":32},"end":{"line":104,"column":57}},"56":{"start":{"line":107,"column":28},"end":{"line":107,"column":72}},"57":{"start":{"line":109,"column":28},"end":{"line":112,"column":31}},"58":{"start":{"line":111,"column":32},"end":{"line":111,"column":62}},"59":{"start":{"line":115,"column":28},"end":{"line":119,"column":31}},"60":{"start":{"line":117,"column":32},"end":{"line":117,"column":55}},"61":{"start":{"line":117,"column":43},"end":{"line":117,"column":53}},"62":{"start":{"line":118,"column":32},"end":{"line":118,"column":78}},"63":{"start":{"line":127,"column":16},"end":{"line":127,"column":100}},"64":{"start":{"line":135,"column":0},"end":{"line":180,"column":2}},"65":{"start":{"line":136,"column":4},"end":{"line":136,"column":33}},"66":{"start":{"line":137,"column":4},"end":{"line":137,"column":23}},"67":{"start":{"line":140,"column":4},"end":{"line":179,"column":7}},"68":{"start":{"line":141,"column":8},"end":{"line":178,"column":11}},"69":{"start":{"line":143,"column":12},"end":{"line":177,"column":13}},"70":{"start":{"line":145,"column":16},"end":{"line":176,"column":19}},"71":{"start":{"line":146,"column":20},"end":{"line":175,"column":23}},"72":{"start":{"line":148,"column":24},"end":{"line":148,"column":41}},"73":{"start":{"line":150,"column":24},"end":{"line":162,"column":31}},"74":{"start":{"line":151,"column":32},"end":{"line":151,"column":50}},"75":{"start":{"line":154,"column":32},"end":{"line":161,"column":33}},"76":{"start":{"line":156,"column":36},"end":{"line":156,"column":91}},"77":{"start":{"line":160,"column":36},"end":{"line":160,"column":49}},"78":{"start":{"line":164,"column":24},"end":{"line":173,"column":25}},"79":{"start":{"line":167,"column":28},"end":{"line":167,"column":85}},"80":{"start":{"line":168,"column":28},"end":{"line":168,"column":63}},"81":{"start":{"line":172,"column":28},"end":{"line":172,"column":75}},"82":{"start":{"line":183,"column":0},"end":{"line":236,"column":1}},"83":{"start":{"line":184,"column":4},"end":{"line":184,"column":31}},"84":{"start":{"line":185,"column":4},"end":{"line":185,"column":29}},"85":{"start":{"line":187,"column":4},"end":{"line":187,"column":109}},"86":{"start":{"line":188,"column":4},"end":{"line":208,"column":5}},"87":{"start":{"line":190,"column":8},"end":{"line":190,"column":80}},"88":{"start":{"line":192,"column":9},"end":{"line":208,"column":5}},"89":{"start":{"line":194,"column":8},"end":{"line":194,"column":109}},"90":{"start":{"line":196,"column":9},"end":{"line":208,"column":5}},"91":{"start":{"line":198,"column":8},"end":{"line":198,"column":101}},"92":{"start":{"line":200,"column":9},"end":{"line":208,"column":5}},"93":{"start":{"line":202,"column":8},"end":{"line":202,"column":103}},"94":{"start":{"line":204,"column":9},"end":{"line":208,"column":5}},"95":{"start":{"line":206,"column":8},"end":{"line":206,"column":69}},"96":{"start":{"line":210,"column":4},"end":{"line":219,"column":10}},"97":{"start":{"line":221,"column":4},"end":{"line":234,"column":6}},"98":{"start":{"line":224,"column":12},"end":{"line":224,"column":40}},"99":{"start":{"line":225,"column":12},"end":{"line":232,"column":13}},"100":{"start":{"line":227,"column":16},"end":{"line":227,"column":42}},"101":{"start":{"line":231,"column":16},"end":{"line":231,"column":47}}},"branchMap":{"1":{"line":23,"type":"binary-expr","locations":[{"start":{"line":23,"column":15},"end":{"line":23,"column":18}},{"start":{"line":23,"column":22},"end":{"line":23,"column":34}}]},"2":{"line":66,"type":"if","locations":[{"start":{"line":66,"column":12},"end":{"line":66,"column":12}},{"start":{"line":66,"column":12},"end":{"line":66,"column":12}}]},"3":{"line":66,"type":"binary-expr","locations":[{"start":{"line":66,"column":16},"end":{"line":66,"column":21}},{"start":{"line":66,"column":25},"end":{"line":66,"column":52}}]},"4":{"line":71,"type":"binary-expr","locations":[{"start":{"line":71,"column":36},"end":{"line":71,"column":39}},{"start":{"line":71,"column":43},"end":{"line":71,"column":74}}]},"5":{"line":84,"type":"if","locations":[{"start":{"line":84,"column":17},"end":{"line":84,"column":17}},{"start":{"line":84,"column":17},"end":{"line":84,"column":17}}]},"6":{"line":84,"type":"binary-expr","locations":[{"start":{"line":84,"column":21},"end":{"line":84,"column":26}},{"start":{"line":84,"column":30},"end":{"line":84,"column":60}}]},"7":{"line":91,"type":"if","locations":[{"start":{"line":91,"column":32},"end":{"line":91,"column":32}},{"start":{"line":91,"column":32},"end":{"line":91,"column":32}}]},"8":{"line":91,"type":"binary-expr","locations":[{"start":{"line":91,"column":36},"end":{"line":91,"column":46}},{"start":{"line":91,"column":50},"end":{"line":91,"column":71}}]},"9":{"line":117,"type":"if","locations":[{"start":{"line":117,"column":32},"end":{"line":117,"column":32}},{"start":{"line":117,"column":32},"end":{"line":117,"column":32}}]},"10":{"line":143,"type":"if","locations":[{"start":{"line":143,"column":12},"end":{"line":143,"column":12}},{"start":{"line":143,"column":12},"end":{"line":143,"column":12}}]},"11":{"line":156,"type":"binary-expr","locations":[{"start":{"line":156,"column":43},"end":{"line":156,"column":56}},{"start":{"line":156,"column":60},"end":{"line":156,"column":90}}]},"12":{"line":164,"type":"if","locations":[{"start":{"line":164,"column":24},"end":{"line":164,"column":24}},{"start":{"line":164,"column":24},"end":{"line":164,"column":24}}]},"13":{"line":164,"type":"binary-expr","locations":[{"start":{"line":164,"column":28},"end":{"line":164,"column":32}},{"start":{"line":164,"column":36},"end":{"line":164,"column":51}}]},"14":{"line":188,"type":"if","locations":[{"start":{"line":188,"column":4},"end":{"line":188,"column":4}},{"start":{"line":188,"column":4},"end":{"line":188,"column":4}}]},"15":{"line":192,"type":"if","locations":[{"start":{"line":192,"column":9},"end":{"line":192,"column":9}},{"start":{"line":192,"column":9},"end":{"line":192,"column":9}}]},"16":{"line":196,"type":"if","locations":[{"start":{"line":196,"column":9},"end":{"line":196,"column":9}},{"start":{"line":196,"column":9},"end":{"line":196,"column":9}}]},"17":{"line":200,"type":"if","locations":[{"start":{"line":200,"column":9},"end":{"line":200,"column":9}},{"start":{"line":200,"column":9},"end":{"line":200,"column":9}}]},"18":{"line":204,"type":"if","locations":[{"start":{"line":204,"column":9},"end":{"line":204,"column":9}},{"start":{"line":204,"column":9},"end":{"line":204,"column":9}}]},"19":{"line":224,"type":"binary-expr","locations":[{"start":{"line":224,"column":24},"end":{"line":224,"column":27}},{"start":{"line":224,"column":31},"end":{"line":224,"column":38}}]},"20":{"line":225,"type":"if","locations":[{"start":{"line":225,"column":12},"end":{"line":225,"column":12}},{"start":{"line":225,"column":12},"end":{"line":225,"column":12}}]}}},"E:\\Courses\\CSC_519_DevOps\\Project_ML2\\ML2\\BuildTestAnalysis\\checkbox.io\\server-side\\site\\routes\\upload.js":{"path":"E:\\Courses\\CSC_519_DevOps\\Project_ML2\\ML2\\BuildTestAnalysis\\checkbox.io\\server-side\\site\\routes\\upload.js","s":{"1":1,"2":1,"3":1,"4":1,"5":1,"6":1,"7":1,"8":1,"9":1,"10":1,"11":1,"12":0,"13":0,"14":1,"15":0,"16":0,"17":0,"18":1,"19":0,"20":0,"21":0,"22":0,"23":0,"24":0,"25":0,"26":1,"27":0,"28":0,"29":0,"30":0,"31":0,"32":0,"33":0,"34":0,"35":0,"36":0,"37":1,"38":0,"39":0,"40":0,"41":1,"42":0,"43":0,"44":0,"45":0,"46":0,"47":0,"48":0,"49":0,"50":0,"51":0,"52":0},"b":{"1":[0,0],"2":[0,0]},"f":{"1":0,"2":0,"3":0,"4":0,"5":0,"6":0,"7":0,"8":0,"9":0,"10":0,"11":0,"12":0,"13":0,"14":0,"15":0,"16":0,"17":0,"18":0,"19":0,"20":0},"fnMap":{"1":{"name":"(anonymous_1)","line":18,"loc":{"start":{"line":18,"column":144},"end":{"line":18,"column":166}}},"2":{"name":"(anonymous_2)","line":24,"loc":{"start":{"line":24,"column":22},"end":{"line":25,"column":0}}},"3":{"name":"(anonymous_3)","line":28,"loc":{"start":{"line":28,"column":31},"end":{"line":29,"column":1}}},"4":{"name":"(anonymous_4)","line":34,"loc":{"start":{"line":34,"column":20},"end":{"line":35,"column":0}}},"5":{"name":"(anonymous_5)","line":38,"loc":{"start":{"line":38,"column":24},"end":{"line":38,"column":38}}},"6":{"name":"(anonymous_6)","line":44,"loc":{"start":{"line":44,"column":24},"end":{"line":44,"column":38}}},"7":{"name":"(anonymous_7)","line":44,"loc":{"start":{"line":44,"column":97},"end":{"line":45,"column":1}}},"8":{"name":"readFileStream","line":50,"loc":{"start":{"line":50,"column":0},"end":{"line":51,"column":0}}},"9":{"name":"(anonymous_9)","line":55,"loc":{"start":{"line":55,"column":43},"end":{"line":56,"column":4}}},"10":{"name":"(anonymous_10)","line":60,"loc":{"start":{"line":60,"column":26},"end":{"line":60,"column":41}}},"11":{"name":"(anonymous_11)","line":66,"loc":{"start":{"line":66,"column":25},"end":{"line":66,"column":40}}},"12":{"name":"(anonymous_12)","line":70,"loc":{"start":{"line":70,"column":27},"end":{"line":70,"column":38}}},"13":{"name":"(anonymous_13)","line":74,"loc":{"start":{"line":74,"column":72},"end":{"line":75,"column":4}}},"14":{"name":"readFile","line":83,"loc":{"start":{"line":83,"column":0},"end":{"line":84,"column":0}}},"15":{"name":"(anonymous_15)","line":86,"loc":{"start":{"line":86,"column":34},"end":{"line":87,"column":1}}},"16":{"name":"uploadFile","line":93,"loc":{"start":{"line":93,"column":0},"end":{"line":94,"column":0}}},"17":{"name":"(anonymous_17)","line":103,"loc":{"start":{"line":103,"column":9},"end":{"line":104,"column":1}}},"18":{"name":"(anonymous_18)","line":105,"loc":{"start":{"line":105,"column":26},"end":{"line":106,"column":2}}},"19":{"name":"(anonymous_19)","line":109,"loc":{"start":{"line":109,"column":12},"end":{"line":110,"column":3}}},"20":{"name":"(anonymous_20)","line":112,"loc":{"start":{"line":112,"column":37},"end":{"line":112,"column":61}}}},"statementMap":{"1":{"start":{"line":1,"column":0},"end":{"line":1,"column":33}},"2":{"start":{"line":2,"column":0},"end":{"line":2,"column":23}},"3":{"start":{"line":3,"column":0},"end":{"line":3,"column":29}},"4":{"start":{"line":5,"column":0},"end":{"line":5,"column":31}},"5":{"start":{"line":6,"column":0},"end":{"line":6,"column":39}},"6":{"start":{"line":7,"column":0},"end":{"line":7,"column":30}},"7":{"start":{"line":9,"column":0},"end":{"line":9,"column":35}},"8":{"start":{"line":12,"column":0},"end":{"line":14,"column":30}},"9":{"start":{"line":16,"column":0},"end":{"line":16,"column":36}},"10":{"start":{"line":17,"column":0},"end":{"line":17,"column":14}},"11":{"start":{"line":18,"column":0},"end":{"line":22,"column":3}},"12":{"start":{"line":20,"column":2},"end":{"line":20,"column":14}},"13":{"start":{"line":21,"column":2},"end":{"line":21,"column":37}},"14":{"start":{"line":24,"column":0},"end":{"line":32,"column":2}},"15":{"start":{"line":26,"column":1},"end":{"line":26,"column":29}},"16":{"start":{"line":28,"column":1},"end":{"line":31,"column":4}},"17":{"start":{"line":30,"column":2},"end":{"line":30,"column":21}},"18":{"start":{"line":34,"column":0},"end":{"line":48,"column":1}},"19":{"start":{"line":36,"column":4},"end":{"line":36,"column":34}},"20":{"start":{"line":38,"column":4},"end":{"line":40,"column":4}},"21":{"start":{"line":39,"column":4},"end":{"line":39,"column":14}},"22":{"start":{"line":42,"column":4},"end":{"line":42,"column":24}},"23":{"start":{"line":44,"column":1},"end":{"line":47,"column":4}},"24":{"start":{"line":44,"column":40},"end":{"line":44,"column":77}},"25":{"start":{"line":46,"column":3},"end":{"line":46,"column":25}},"26":{"start":{"line":50,"column":0},"end":{"line":81,"column":1}},"27":{"start":{"line":52,"column":1},"end":{"line":52,"column":25}},"28":{"start":{"line":53,"column":1},"end":{"line":53,"column":27}},"29":{"start":{"line":55,"column":1},"end":{"line":80,"column":4}},"30":{"start":{"line":57,"column":2},"end":{"line":57,"column":38}},"31":{"start":{"line":60,"column":8},"end":{"line":64,"column":11}},"32":{"start":{"line":66,"column":8},"end":{"line":68,"column":11}},"33":{"start":{"line":70,"column":8},"end":{"line":72,"column":11}},"34":{"start":{"line":74,"column":3},"end":{"line":77,"column":7}},"35":{"start":{"line":76,"column":5},"end":{"line":76,"column":52}},"36":{"start":{"line":79,"column":2},"end":{"line":79,"column":23}},"37":{"start":{"line":83,"column":0},"end":{"line":91,"column":1}},"38":{"start":{"line":86,"column":1},"end":{"line":90,"column":4}},"39":{"start":{"line":88,"column":2},"end":{"line":88,"column":33}},"40":{"start":{"line":89,"column":2},"end":{"line":89,"column":48}},"41":{"start":{"line":93,"column":0},"end":{"line":124,"column":1}},"42":{"start":{"line":96,"column":1},"end":{"line":96,"column":29}},"43":{"start":{"line":98,"column":1},"end":{"line":101,"column":4}},"44":{"start":{"line":103,"column":1},"end":{"line":122,"column":4}},"45":{"start":{"line":105,"column":2},"end":{"line":121,"column":5}},"46":{"start":{"line":107,"column":3},"end":{"line":107,"column":37}},"47":{"start":{"line":109,"column":3},"end":{"line":119,"column":6}},"48":{"start":{"line":112,"column":4},"end":{"line":118,"column":7}},"49":{"start":{"line":113,"column":5},"end":{"line":113,"column":22}},"50":{"start":{"line":114,"column":5},"end":{"line":115,"column":35}},"51":{"start":{"line":115,"column":6},"end":{"line":115,"column":35}},"52":{"start":{"line":117,"column":5},"end":{"line":117,"column":35}}},"branchMap":{"1":{"line":21,"type":"binary-expr","locations":[{"start":{"line":21,"column":15},"end":{"line":21,"column":18}},{"start":{"line":21,"column":22},"end":{"line":21,"column":34}}]},"2":{"line":114,"type":"if","locations":[{"start":{"line":114,"column":5},"end":{"line":114,"column":5}},{"start":{"line":114,"column":5},"end":{"line":114,"column":5}}]}}}}