{"C:\\Users\\shash\\DevOps\\milestone-2\\BuildTestAnalysis\\checkbox.io\\server-side\\site\\test.js":{"path":"C:\\Users\\shash\\DevOps\\milestone-2\\BuildTestAnalysis\\checkbox.io\\server-side\\site\\test.js","s":{"1":1,"2":1,"3":1,"4":1,"5":1,"6":1,"7":1,"8":1,"9":1,"10":1,"11":1,"12":1,"13":1,"14":0,"15":1,"16":1,"17":1,"18":1,"19":0,"20":1,"21":1,"22":1,"23":1,"24":1,"25":1,"26":1,"27":1,"28":1,"29":0},"b":{},"f":{},"fnMap":{},"statementMap":{"1":{"start":{"line":1,"column":0},"end":{"line":1,"column":28}},"2":{"start":{"line":2,"column":0},"end":{"line":2,"column":29}},"3":{"start":{"line":3,"column":0},"end":{"line":3,"column":27}},"4":{"start":{"line":4,"column":0},"end":{"line":4,"column":31}},"5":{"start":{"line":5,"column":0},"end":{"line":5,"column":36}},"6":{"start":{"line":7,"column":0},"end":{"line":9,"column":1}},"7":{"start":{"line":10,"column":0},"end":{"line":10,"column":89}},"8":{"start":{"line":11,"column":0},"end":{"line":11,"column":26}},"9":{"start":{"line":13,"column":0},"end":{"line":13,"column":122}},"10":{"start":{"line":15,"column":0},"end":{"line":21,"column":1}},"11":{"start":{"line":16,"column":4},"end":{"line":16,"column":66}},"12":{"start":{"line":17,"column":4},"end":{"line":17,"column":30}},"13":{"start":{"line":18,"column":4},"end":{"line":18,"column":32}},"14":{"start":{"line":20,"column":4},"end":{"line":20,"column":19}},"15":{"start":{"line":23,"column":0},"end":{"line":30,"column":1}},"16":{"start":{"line":24,"column":4},"end":{"line":24,"column":59}},"17":{"start":{"line":25,"column":4},"end":{"line":25,"column":26}},"18":{"start":{"line":26,"column":4},"end":{"line":26,"column":32}},"19":{"start":{"line":29,"column":4},"end":{"line":29,"column":19}},"20":{"start":{"line":32,"column":0},"end":{"line":38,"column":1}},"21":{"start":{"line":33,"column":4},"end":{"line":33,"column":65}},"22":{"start":{"line":34,"column":4},"end":{"line":34,"column":26}},"23":{"start":{"line":35,"column":4},"end":{"line":35,"column":32}},"24":{"start":{"line":37,"column":4},"end":{"line":37,"column":19}},"25":{"start":{"line":40,"column":0},"end":{"line":46,"column":1}},"26":{"start":{"line":41,"column":4},"end":{"line":41,"column":64}},"27":{"start":{"line":42,"column":4},"end":{"line":42,"column":26}},"28":{"start":{"line":43,"column":4},"end":{"line":43,"column":32}},"29":{"start":{"line":45,"column":4},"end":{"line":45,"column":19}}},"branchMap":{}},"C:\\Users\\shash\\DevOps\\milestone-2\\BuildTestAnalysis\\checkbox.io\\server-side\\site\\routes\\create.js":{"path":"C:\\Users\\shash\\DevOps\\milestone-2\\BuildTestAnalysis\\checkbox.io\\server-side\\site\\routes\\create.js","s":{"1":1,"2":1,"3":1,"4":1,"5":1,"6":1,"7":1,"8":1,"9":0,"10":0,"11":1,"12":1,"13":4,"14":4,"15":4,"16":4,"17":1,"18":0,"19":3,"20":1,"21":0,"22":0,"23":0,"24":0,"25":0,"26":0,"27":0,"28":0,"29":0,"30":0,"31":1,"32":3,"33":3,"34":3,"35":1,"36":1,"37":1,"38":1,"39":0,"40":1,"41":1,"42":1,"43":1,"44":3,"45":1,"46":0,"47":0},"b":{"1":[0,0],"2":[1,3],"3":[0,0],"4":[0,0],"5":[0,0],"6":[0,1],"7":[1,0],"8":[0,0]},"f":{"1":0,"2":4,"3":1,"4":0,"5":0,"6":0,"7":3,"8":3,"9":1,"10":0,"11":0},"fnMap":{"1":{"name":"(anonymous_1)","line":13,"loc":{"start":{"line":13,"column":144},"end":{"line":13,"column":166}}},"2":{"name":"(anonymous_2)","line":27,"loc":{"start":{"line":27,"column":22},"end":{"line":27,"column":41}}},"3":{"name":"(anonymous_3)","line":39,"loc":{"start":{"line":39,"column":49},"end":{"line":40,"column":4}}},"4":{"name":"(anonymous_4)","line":41,"loc":{"start":{"line":41,"column":30},"end":{"line":42,"column":5}}},"5":{"name":"(anonymous_5)","line":46,"loc":{"start":{"line":46,"column":47},"end":{"line":47,"column":9}}},"6":{"name":"(anonymous_6)","line":60,"loc":{"start":{"line":60,"column":24},"end":{"line":61,"column":20}}},"7":{"name":"basicCreate","line":74,"loc":{"start":{"line":74,"column":0},"end":{"line":75,"column":0}}},"8":{"name":"(anonymous_8)","line":77,"loc":{"start":{"line":77,"column":20},"end":{"line":78,"column":4}}},"9":{"name":"(anonymous_9)","line":79,"loc":{"start":{"line":79,"column":28},"end":{"line":80,"column":5}}},"10":{"name":"sendStudyEmail","line":105,"loc":{"start":{"line":105,"column":0},"end":{"line":105,"column":32}}},"11":{"name":"(anonymous_11)","line":107,"loc":{"start":{"line":107,"column":8},"end":{"line":108,"column":8}}}},"statementMap":{"1":{"start":{"line":1,"column":0},"end":{"line":1,"column":31}},"2":{"start":{"line":2,"column":0},"end":{"line":2,"column":31}},"3":{"start":{"line":3,"column":0},"end":{"line":3,"column":39}},"4":{"start":{"line":4,"column":0},"end":{"line":4,"column":40}},"5":{"start":{"line":7,"column":0},"end":{"line":9,"column":26}},"6":{"start":{"line":11,"column":0},"end":{"line":11,"column":36}},"7":{"start":{"line":12,"column":0},"end":{"line":12,"column":14}},"8":{"start":{"line":13,"column":0},"end":{"line":17,"column":3}},"9":{"start":{"line":15,"column":2},"end":{"line":15,"column":14}},"10":{"start":{"line":16,"column":2},"end":{"line":16,"column":37}},"11":{"start":{"line":19,"column":0},"end":{"line":25,"column":3}},"12":{"start":{"line":27,"column":0},"end":{"line":70,"column":2}},"13":{"start":{"line":29,"column":4},"end":{"line":29,"column":41}},"14":{"start":{"line":30,"column":4},"end":{"line":30,"column":39}},"15":{"start":{"line":31,"column":4},"end":{"line":31,"column":38}},"16":{"start":{"line":33,"column":4},"end":{"line":37,"column":5}},"17":{"start":{"line":35,"column":8},"end":{"line":35,"column":49}},"18":{"start":{"line":36,"column":8},"end":{"line":36,"column":15}},"19":{"start":{"line":39,"column":4},"end":{"line":69,"column":7}},"20":{"start":{"line":41,"column":5},"end":{"line":68,"column":11}},"21":{"start":{"line":43,"column":6},"end":{"line":44,"column":26}},"22":{"start":{"line":44,"column":7},"end":{"line":44,"column":26}},"23":{"start":{"line":46,"column":9},"end":{"line":66,"column":12}},"24":{"start":{"line":48,"column":10},"end":{"line":48,"column":62}},"25":{"start":{"line":50,"column":10},"end":{"line":65,"column":11}},"26":{"start":{"line":52,"column":11},"end":{"line":52,"column":35}},"27":{"start":{"line":56,"column":20},"end":{"line":56,"column":53}},"28":{"start":{"line":59,"column":20},"end":{"line":64,"column":23}},"29":{"start":{"line":62,"column":24},"end":{"line":62,"column":48}},"30":{"start":{"line":63,"column":24},"end":{"line":63,"column":63}},"31":{"start":{"line":74,"column":0},"end":{"line":103,"column":1}},"32":{"start":{"line":76,"column":1},"end":{"line":76,"column":21}},"33":{"start":{"line":77,"column":4},"end":{"line":100,"column":3}},"34":{"start":{"line":79,"column":5},"end":{"line":99,"column":8}},"35":{"start":{"line":82,"column":9},"end":{"line":82,"column":41}},"36":{"start":{"line":84,"column":9},"end":{"line":84,"column":30}},"37":{"start":{"line":86,"column":9},"end":{"line":86,"column":26}},"38":{"start":{"line":87,"column":9},"end":{"line":90,"column":10}},"39":{"start":{"line":89,"column":10},"end":{"line":89,"column":60}},"40":{"start":{"line":91,"column":9},"end":{"line":94,"column":10}},"41":{"start":{"line":93,"column":10},"end":{"line":93,"column":63}},"42":{"start":{"line":96,"column":9},"end":{"line":96,"column":30}},"43":{"start":{"line":98,"column":9},"end":{"line":98,"column":24}},"44":{"start":{"line":102,"column":1},"end":{"line":102,"column":13}},"45":{"start":{"line":105,"column":0},"end":{"line":112,"column":1}},"46":{"start":{"line":106,"column":4},"end":{"line":111,"column":6}},"47":{"start":{"line":109,"column":12},"end":{"line":109,"column":40}}},"branchMap":{"1":{"line":16,"type":"binary-expr","locations":[{"start":{"line":16,"column":15},"end":{"line":16,"column":18}},{"start":{"line":16,"column":22},"end":{"line":16,"column":34}}]},"2":{"line":33,"type":"if","locations":[{"start":{"line":33,"column":4},"end":{"line":33,"column":4}},{"start":{"line":33,"column":4},"end":{"line":33,"column":4}}]},"3":{"line":43,"type":"if","locations":[{"start":{"line":43,"column":6},"end":{"line":43,"column":6}},{"start":{"line":43,"column":6},"end":{"line":43,"column":6}}]},"4":{"line":48,"type":"binary-expr","locations":[{"start":{"line":48,"column":23},"end":{"line":48,"column":26}},{"start":{"line":48,"column":30},"end":{"line":48,"column":59}}]},"5":{"line":50,"type":"if","locations":[{"start":{"line":50,"column":10},"end":{"line":50,"column":10}},{"start":{"line":50,"column":10},"end":{"line":50,"column":10}}]},"6":{"line":87,"type":"if","locations":[{"start":{"line":87,"column":9},"end":{"line":87,"column":9}},{"start":{"line":87,"column":9},"end":{"line":87,"column":9}}]},"7":{"line":91,"type":"if","locations":[{"start":{"line":91,"column":9},"end":{"line":91,"column":9}},{"start":{"line":91,"column":9},"end":{"line":91,"column":9}}]},"8":{"line":109,"type":"binary-expr","locations":[{"start":{"line":109,"column":24},"end":{"line":109,"column":27}},{"start":{"line":109,"column":31},"end":{"line":109,"column":38}}]}}},"C:\\Users\\shash\\DevOps\\milestone-2\\BuildTestAnalysis\\checkbox.io\\server-side\\site\\routes\\studyModel.js":{"path":"C:\\Users\\shash\\DevOps\\milestone-2\\BuildTestAnalysis\\checkbox.io\\server-side\\site\\routes\\studyModel.js","s":{"1":1,"2":1,"3":2,"4":2,"5":2,"6":1,"7":1,"8":1,"9":1,"10":1,"11":1,"12":1,"13":1,"14":1,"15":1,"16":1,"17":1,"18":1,"19":0,"20":0,"21":0,"22":0,"23":0,"24":0,"25":0,"26":0,"27":0,"28":1,"29":1,"30":1,"31":1,"32":1,"33":1,"34":1,"35":1,"36":1,"37":0,"38":1,"39":0,"40":1,"41":1},"b":{"1":[1,1]},"f":{"1":2,"2":2,"3":1,"4":0,"5":0,"6":0,"7":1,"8":0,"9":0},"fnMap":{"1":{"name":"surrogateCtor","line":4,"loc":{"start":{"line":4,"column":0},"end":{"line":4,"column":25}}},"2":{"name":"extend","line":6,"loc":{"start":{"line":6,"column":0},"end":{"line":6,"column":27}}},"3":{"name":"(anonymous_3)","line":15,"loc":{"start":{"line":15,"column":12},"end":{"line":16,"column":0}}},"4":{"name":"(anonymous_4)","line":36,"loc":{"start":{"line":36,"column":14},"end":{"line":37,"column":0}}},"5":{"name":"(anonymous_5)","line":46,"loc":{"start":{"line":46,"column":22},"end":{"line":47,"column":1}}},"6":{"name":"(anonymous_6)","line":52,"loc":{"start":{"line":52,"column":19},"end":{"line":53,"column":1}}},"7":{"name":"(anonymous_7)","line":73,"loc":{"start":{"line":73,"column":17},"end":{"line":74,"column":0}}},"8":{"name":"(anonymous_8)","line":83,"loc":{"start":{"line":83,"column":22},"end":{"line":84,"column":1}}},"9":{"name":"(anonymous_9)","line":89,"loc":{"start":{"line":89,"column":19},"end":{"line":90,"column":1}}}},"statementMap":{"1":{"start":{"line":4,"column":0},"end":{"line":4,"column":27}},"2":{"start":{"line":6,"column":0},"end":{"line":13,"column":1}},"3":{"start":{"line":8,"column":2},"end":{"line":8,"column":43}},"4":{"start":{"line":10,"column":2},"end":{"line":10,"column":38}},"5":{"start":{"line":12,"column":2},"end":{"line":12,"column":34}},"6":{"start":{"line":15,"column":0},"end":{"line":34,"column":2}},"7":{"start":{"line":17,"column":1},"end":{"line":17,"column":17}},"8":{"start":{"line":19,"column":1},"end":{"line":19,"column":27}},"9":{"start":{"line":20,"column":4},"end":{"line":20,"column":44}},"10":{"start":{"line":21,"column":4},"end":{"line":21,"column":40}},"11":{"start":{"line":23,"column":4},"end":{"line":23,"column":50}},"12":{"start":{"line":24,"column":4},"end":{"line":24,"column":36}},"13":{"start":{"line":26,"column":4},"end":{"line":26,"column":34}},"14":{"start":{"line":28,"column":4},"end":{"line":28,"column":128}},"15":{"start":{"line":30,"column":1},"end":{"line":30,"column":22}},"16":{"start":{"line":31,"column":1},"end":{"line":31,"column":34}},"17":{"start":{"line":33,"column":1},"end":{"line":33,"column":39}},"18":{"start":{"line":36,"column":0},"end":{"line":66,"column":1}},"19":{"start":{"line":38,"column":1},"end":{"line":38,"column":17}},"20":{"start":{"line":39,"column":1},"end":{"line":39,"column":32}},"21":{"start":{"line":41,"column":1},"end":{"line":41,"column":35}},"22":{"start":{"line":42,"column":1},"end":{"line":42,"column":20}},"23":{"start":{"line":44,"column":1},"end":{"line":44,"column":51}},"24":{"start":{"line":46,"column":1},"end":{"line":49,"column":3}},"25":{"start":{"line":48,"column":2},"end":{"line":48,"column":41}},"26":{"start":{"line":52,"column":1},"end":{"line":65,"column":3}},"27":{"start":{"line":54,"column":2},"end":{"line":64,"column":10}},"28":{"start":{"line":68,"column":0},"end":{"line":68,"column":31}},"29":{"start":{"line":71,"column":0},"end":{"line":71,"column":34}},"30":{"start":{"line":73,"column":0},"end":{"line":103,"column":1}},"31":{"start":{"line":75,"column":1},"end":{"line":75,"column":17}},"32":{"start":{"line":76,"column":1},"end":{"line":76,"column":32}},"33":{"start":{"line":78,"column":1},"end":{"line":78,"column":35}},"34":{"start":{"line":79,"column":1},"end":{"line":79,"column":20}},"35":{"start":{"line":81,"column":1},"end":{"line":81,"column":51}},"36":{"start":{"line":83,"column":1},"end":{"line":86,"column":3}},"37":{"start":{"line":85,"column":2},"end":{"line":85,"column":41}},"38":{"start":{"line":89,"column":1},"end":{"line":102,"column":3}},"39":{"start":{"line":91,"column":2},"end":{"line":101,"column":10}},"40":{"start":{"line":105,"column":0},"end":{"line":105,"column":34}},"41":{"start":{"line":108,"column":0},"end":{"line":108,"column":40}}},"branchMap":{"1":{"line":31,"type":"binary-expr","locations":[{"start":{"line":31,"column":13},"end":{"line":31,"column":26}},{"start":{"line":31,"column":30},"end":{"line":31,"column":33}}]}}}}