TN:
SF:E:\Courses\CSC_519_DevOps\Project_ML2\ML2\BuildTestAnalysis\checkbox.io\server-side\site\test.js
FNF:0
FNH:0
DA:1,1
DA:2,1
DA:3,1
DA:4,1
DA:5,1
DA:7,1
DA:12,1
DA:13,1
DA:15,1
DA:16,1
DA:17,1
DA:18,1
DA:19,1
DA:20,1
DA:22,0
DA:25,1
DA:26,1
DA:27,1
DA:28,1
DA:31,0
DA:34,1
DA:35,1
DA:36,1
DA:37,1
DA:39,1
DA:42,1
DA:43,1
DA:44,1
DA:45,1
DA:47,0
DA:50,1
DA:51,1
DA:52,1
DA:53,1
DA:54,1
DA:56,1
LF:36
LH:33
BRF:0
BRH:0
end_of_record
TN:
SF:E:\Courses\CSC_519_DevOps\Project_ML2\ML2\BuildTestAnalysis\checkbox.io\server-side\site\routes\create.js
FN:13,(anonymous_1)
FN:27,(anonymous_2)
FN:39,(anonymous_3)
FN:41,(anonymous_4)
FN:46,(anonymous_5)
FN:60,(anonymous_6)
FN:74,basicCreate
FN:77,(anonymous_8)
FN:79,(anonymous_9)
FN:105,sendStudyEmail
FN:107,(anonymous_11)
FNF:11
FNH:5
FNDA:0,(anonymous_1)
FNDA:4,(anonymous_2)
FNDA:1,(anonymous_3)
FNDA:0,(anonymous_4)
FNDA:0,(anonymous_5)
FNDA:0,(anonymous_6)
FNDA:3,basicCreate
FNDA:3,(anonymous_8)
FNDA:1,(anonymous_9)
FNDA:0,sendStudyEmail
FNDA:0,(anonymous_11)
DA:1,1
DA:2,1
DA:3,1
DA:4,1
DA:7,1
DA:11,1
DA:12,1
DA:13,1
DA:15,0
DA:16,0
DA:19,1
DA:27,1
DA:29,4
DA:30,4
DA:31,4
DA:33,4
DA:35,1
DA:36,0
DA:39,3
DA:41,1
DA:43,0
DA:44,0
DA:46,0
DA:48,0
DA:50,0
DA:52,0
DA:56,0
DA:59,0
DA:62,0
DA:63,0
DA:74,1
DA:76,3
DA:77,3
DA:79,3
DA:82,1
DA:84,1
DA:86,1
DA:87,1
DA:89,0
DA:91,1
DA:93,1
DA:96,1
DA:98,1
DA:102,3
DA:105,1
DA:106,0
DA:109,0
LF:47
LH:31
BRDA:16,1,0,0
BRDA:16,1,1,0
BRDA:33,2,0,1
BRDA:33,2,1,3
BRDA:43,3,0,0
BRDA:43,3,1,0
BRDA:48,4,0,0
BRDA:48,4,1,0
BRDA:50,5,0,0
BRDA:50,5,1,0
BRDA:87,6,0,0
BRDA:87,6,1,1
BRDA:91,7,0,1
BRDA:91,7,1,0
BRDA:109,8,0,0
BRDA:109,8,1,0
BRF:16
BRH:4
end_of_record
TN:
SF:E:\Courses\CSC_519_DevOps\Project_ML2\ML2\BuildTestAnalysis\checkbox.io\server-side\site\routes\studyModel.js
FN:4,surrogateCtor
FN:6,extend
FN:15,(anonymous_3)
FN:36,(anonymous_4)
FN:46,(anonymous_5)
FN:52,(anonymous_6)
FN:73,(anonymous_7)
FN:83,(anonymous_8)
FN:89,(anonymous_9)
FNF:9
FNH:4
FNDA:2,surrogateCtor
FNDA:2,extend
FNDA:1,(anonymous_3)
FNDA:0,(anonymous_4)
FNDA:0,(anonymous_5)
FNDA:0,(anonymous_6)
FNDA:1,(anonymous_7)
FNDA:0,(anonymous_8)
FNDA:0,(anonymous_9)
DA:4,1
DA:6,1
DA:8,2
DA:10,2
DA:12,2
DA:15,1
DA:17,1
DA:19,1
DA:20,1
DA:21,1
DA:23,1
DA:24,1
DA:26,1
DA:28,1
DA:30,1
DA:31,1
DA:33,1
DA:36,1
DA:38,0
DA:39,0
DA:41,0
DA:42,0
DA:44,0
DA:46,0
DA:48,0
DA:52,0
DA:54,0
DA:68,1
DA:71,1
DA:73,1
DA:75,1
DA:76,1
DA:78,1
DA:79,1
DA:81,1
DA:83,1
DA:85,0
DA:89,1
DA:91,0
DA:105,1
DA:108,1
LF:41
LH:30
BRDA:31,1,0,1
BRDA:31,1,1,1
BRF:2
BRH:2
end_of_record
TN:
SF:E:\Courses\CSC_519_DevOps\Project_ML2\ML2\BuildTestAnalysis\checkbox.io\server-side\site\routes\admin.js
FN:20,(anonymous_1)
FN:26,(anonymous_2)
FN:29,(anonymous_3)
FN:30,(anonymous_4)
FN:36,(anonymous_5)
FN:38,(anonymous_6)
FN:39,(anonymous_7)
FN:47,(anonymous_8)
FN:49,(anonymous_9)
FN:50,(anonymous_10)
FN:58,(anonymous_11)
FN:63,(anonymous_12)
FN:64,(anonymous_13)
FN:68,(anonymous_14)
FN:70,(anonymous_15)
FN:86,(anonymous_16)
FN:87,(anonymous_17)
FN:89,(anonymous_18)
FN:95,(anonymous_19)
FN:100,(anonymous_20)
FN:109,(anonymous_21)
FN:115,(anonymous_22)
FN:135,(anonymous_23)
FN:140,(anonymous_24)
FN:141,(anonymous_25)
FN:145,(anonymous_26)
FN:146,(anonymous_27)
FN:150,(anonymous_28)
FN:152,(anonymous_29)
FN:183,(anonymous_30)
FN:222,(anonymous_31)
FNF:31
FNH:1
FNDA:0,(anonymous_1)
FNDA:1,(anonymous_2)
FNDA:0,(anonymous_3)
FNDA:0,(anonymous_4)
FNDA:0,(anonymous_5)
FNDA:0,(anonymous_6)
FNDA:0,(anonymous_7)
FNDA:0,(anonymous_8)
FNDA:0,(anonymous_9)
FNDA:0,(anonymous_10)
FNDA:0,(anonymous_11)
FNDA:0,(anonymous_12)
FNDA:0,(anonymous_13)
FNDA:0,(anonymous_14)
FNDA:0,(anonymous_15)
FNDA:0,(anonymous_16)
FNDA:0,(anonymous_17)
FNDA:0,(anonymous_18)
FNDA:0,(anonymous_19)
FNDA:0,(anonymous_20)
FNDA:0,(anonymous_21)
FNDA:0,(anonymous_22)
FNDA:0,(anonymous_23)
FNDA:0,(anonymous_24)
FNDA:0,(anonymous_25)
FNDA:0,(anonymous_26)
FNDA:0,(anonymous_27)
FNDA:0,(anonymous_28)
FNDA:0,(anonymous_29)
FNDA:0,(anonymous_30)
FNDA:0,(anonymous_31)
DA:1,1
DA:2,1
DA:3,1
DA:4,1
DA:5,1
DA:7,1
DA:11,1
DA:18,1
DA:19,1
DA:20,1
DA:22,0
DA:23,0
DA:26,1
DA:27,1
DA:28,1
DA:29,1
DA:30,0
DA:31,0
DA:36,1
DA:37,0
DA:38,0
DA:39,0
DA:40,0
DA:42,0
DA:47,1
DA:48,0
DA:49,0
DA:50,0
DA:51,0
DA:53,0
DA:58,1
DA:59,0
DA:60,0
DA:63,0
DA:64,0
DA:66,0
DA:68,0
DA:70,0
DA:71,0
DA:73,0
DA:75,0
DA:78,0
DA:79,0
DA:84,0
DA:86,0
DA:87,0
DA:89,0
DA:91,0
DA:92,0
DA:94,0
DA:95,0
DA:97,0
DA:100,0
DA:102,0
DA:104,0
DA:107,0
DA:109,0
DA:111,0
DA:115,0
DA:117,0
DA:118,0
DA:127,0
DA:135,1
DA:136,0
DA:137,0
DA:140,0
DA:141,0
DA:143,0
DA:145,0
DA:146,0
DA:148,0
DA:150,0
DA:151,0
DA:154,0
DA:156,0
DA:160,0
DA:164,0
DA:167,0
DA:168,0
DA:172,0
DA:183,1
DA:184,0
DA:185,0
DA:187,0
DA:188,0
DA:190,0
DA:192,0
DA:194,0
DA:196,0
DA:198,0
DA:200,0
DA:202,0
DA:204,0
DA:206,0
DA:210,0
DA:221,0
DA:224,0
DA:225,0
DA:227,0
DA:231,0
LF:100
LH:19
BRDA:23,1,0,0
BRDA:23,1,1,0
BRDA:66,2,0,0
BRDA:66,2,1,0
BRDA:66,3,0,0
BRDA:66,3,1,0
BRDA:71,4,0,0
BRDA:71,4,1,0
BRDA:84,5,0,0
BRDA:84,5,1,0
BRDA:84,6,0,0
BRDA:84,6,1,0
BRDA:91,7,0,0
BRDA:91,7,1,0
BRDA:91,8,0,0
BRDA:91,8,1,0
BRDA:117,9,0,0
BRDA:117,9,1,0
BRDA:143,10,0,0
BRDA:143,10,1,0
BRDA:156,11,0,0
BRDA:156,11,1,0
BRDA:164,12,0,0
BRDA:164,12,1,0
BRDA:164,13,0,0
BRDA:164,13,1,0
BRDA:188,14,0,0
BRDA:188,14,1,0
BRDA:192,15,0,0
BRDA:192,15,1,0
BRDA:196,16,0,0
BRDA:196,16,1,0
BRDA:200,17,0,0
BRDA:200,17,1,0
BRDA:204,18,0,0
BRDA:204,18,1,0
BRDA:224,19,0,0
BRDA:224,19,1,0
BRDA:225,20,0,0
BRDA:225,20,1,0
BRF:40
BRH:0
end_of_record
TN:
SF:E:\Courses\CSC_519_DevOps\Project_ML2\ML2\BuildTestAnalysis\checkbox.io\server-side\site\routes\upload.js
FN:18,(anonymous_1)
FN:24,(anonymous_2)
FN:28,(anonymous_3)
FN:34,(anonymous_4)
FN:38,(anonymous_5)
FN:44,(anonymous_6)
FN:44,(anonymous_7)
FN:50,readFileStream
FN:55,(anonymous_9)
FN:60,(anonymous_10)
FN:66,(anonymous_11)
FN:70,(anonymous_12)
FN:74,(anonymous_13)
FN:83,readFile
FN:86,(anonymous_15)
FN:93,uploadFile
FN:103,(anonymous_17)
FN:105,(anonymous_18)
FN:109,(anonymous_19)
FN:112,(anonymous_20)
FNF:20
FNH:0
FNDA:0,(anonymous_1)
FNDA:0,(anonymous_2)
FNDA:0,(anonymous_3)
FNDA:0,(anonymous_4)
FNDA:0,(anonymous_5)
FNDA:0,(anonymous_6)
FNDA:0,(anonymous_7)
FNDA:0,readFileStream
FNDA:0,(anonymous_9)
FNDA:0,(anonymous_10)
FNDA:0,(anonymous_11)
FNDA:0,(anonymous_12)
FNDA:0,(anonymous_13)
FNDA:0,readFile
FNDA:0,(anonymous_15)
FNDA:0,uploadFile
FNDA:0,(anonymous_17)
FNDA:0,(anonymous_18)
FNDA:0,(anonymous_19)
FNDA:0,(anonymous_20)
DA:1,1
DA:2,1
DA:3,1
DA:5,1
DA:6,1
DA:7,1
DA:9,1
DA:12,1
DA:16,1
DA:17,1
DA:18,1
DA:20,0
DA:21,0
DA:24,1
DA:26,0
DA:28,0
DA:30,0
DA:34,1
DA:36,0
DA:38,0
DA:39,0
DA:42,0
DA:44,0
DA:46,0
DA:50,1
DA:52,0
DA:53,0
DA:55,0
DA:57,0
DA:60,0
DA:66,0
DA:70,0
DA:74,0
DA:76,0
DA:79,0
DA:83,1
DA:86,0
DA:88,0
DA:89,0
DA:93,1
DA:96,0
DA:98,0
DA:103,0
DA:105,0
DA:107,0
DA:109,0
DA:112,0
DA:113,0
DA:114,0
DA:115,0
DA:117,0
LF:51
LH:16
BRDA:21,1,0,0
BRDA:21,1,1,0
BRDA:114,2,0,0
BRDA:114,2,1,0
BRF:4
BRH:0
end_of_record
