TN:
SF:C:\Users\shash\DevOps\milestone-2\BuildTestAnalysis\checkbox.io\server-side\site\test.js
FNF:0
FNH:0
DA:1,1
DA:2,1
DA:3,1
DA:4,1
DA:5,1
DA:7,1
DA:10,1
DA:11,1
DA:13,1
DA:15,1
DA:16,1
DA:17,1
DA:18,1
DA:20,0
DA:23,1
DA:24,1
DA:25,1
DA:26,1
DA:29,0
DA:32,1
DA:33,1
DA:34,1
DA:35,1
DA:37,1
DA:40,1
DA:41,1
DA:42,1
DA:43,1
DA:45,0
LF:29
LH:26
BRF:0
BRH:0
end_of_record
TN:
SF:C:\Users\shash\DevOps\milestone-2\BuildTestAnalysis\checkbox.io\server-side\site\routes\create.js
FN:13,(anonymous_1)
FN:27,(anonymous_2)
FN:39,(anonymous_3)
FN:41,(anonymous_4)
FN:46,(anonymous_5)
FN:60,(anonymous_6)
FN:74,basicCreate
FN:77,(anonymous_8)
FN:79,(anonymous_9)
FN:105,sendStudyEmail
FN:107,(anonymous_11)
FNF:11
FNH:5
FNDA:0,(anonymous_1)
FNDA:4,(anonymous_2)
FNDA:1,(anonymous_3)
FNDA:0,(anonymous_4)
FNDA:0,(anonymous_5)
FNDA:0,(anonymous_6)
FNDA:3,basicCreate
FNDA:3,(anonymous_8)
FNDA:1,(anonymous_9)
FNDA:0,sendStudyEmail
FNDA:0,(anonymous_11)
DA:1,1
DA:2,1
DA:3,1
DA:4,1
DA:7,1
DA:11,1
DA:12,1
DA:13,1
DA:15,0
DA:16,0
DA:19,1
DA:27,1
DA:29,4
DA:30,4
DA:31,4
DA:33,4
DA:35,1
DA:36,0
DA:39,3
DA:41,1
DA:43,0
DA:44,0
DA:46,0
DA:48,0
DA:50,0
DA:52,0
DA:56,0
DA:59,0
DA:62,0
DA:63,0
DA:74,1
DA:76,3
DA:77,3
DA:79,3
DA:82,1
DA:84,1
DA:86,1
DA:87,1
DA:89,0
DA:91,1
DA:93,1
DA:96,1
DA:98,1
DA:102,3
DA:105,1
DA:106,0
DA:109,0
LF:47
LH:31
BRDA:16,1,0,0
BRDA:16,1,1,0
BRDA:33,2,0,1
BRDA:33,2,1,3
BRDA:43,3,0,0
BRDA:43,3,1,0
BRDA:48,4,0,0
BRDA:48,4,1,0
BRDA:50,5,0,0
BRDA:50,5,1,0
BRDA:87,6,0,0
BRDA:87,6,1,1
BRDA:91,7,0,1
BRDA:91,7,1,0
BRDA:109,8,0,0
BRDA:109,8,1,0
BRF:16
BRH:4
end_of_record
TN:
SF:C:\Users\shash\DevOps\milestone-2\BuildTestAnalysis\checkbox.io\server-side\site\routes\studyModel.js
FN:4,surrogateCtor
FN:6,extend
FN:15,(anonymous_3)
FN:36,(anonymous_4)
FN:46,(anonymous_5)
FN:52,(anonymous_6)
FN:73,(anonymous_7)
FN:83,(anonymous_8)
FN:89,(anonymous_9)
FNF:9
FNH:4
FNDA:2,surrogateCtor
FNDA:2,extend
FNDA:1,(anonymous_3)
FNDA:0,(anonymous_4)
FNDA:0,(anonymous_5)
FNDA:0,(anonymous_6)
FNDA:1,(anonymous_7)
FNDA:0,(anonymous_8)
FNDA:0,(anonymous_9)
DA:4,1
DA:6,1
DA:8,2
DA:10,2
DA:12,2
DA:15,1
DA:17,1
DA:19,1
DA:20,1
DA:21,1
DA:23,1
DA:24,1
DA:26,1
DA:28,1
DA:30,1
DA:31,1
DA:33,1
DA:36,1
DA:38,0
DA:39,0
DA:41,0
DA:42,0
DA:44,0
DA:46,0
DA:48,0
DA:52,0
DA:54,0
DA:68,1
DA:71,1
DA:73,1
DA:75,1
DA:76,1
DA:78,1
DA:79,1
DA:81,1
DA:83,1
DA:85,0
DA:89,1
DA:91,0
DA:105,1
DA:108,1
LF:41
LH:30
BRDA:31,1,0,1
BRDA:31,1,1,1
BRF:2
BRH:2
end_of_record
